Traceback (most recent call last):
  File "/Users/randy/Developer/6PythonProject/aswan/venv/lib/python3.7/site-packages/gevent/pywsgi.py", line 976, in handle_one_response
    self.run_application()
  File "/Users/randy/Developer/6PythonProject/aswan/venv/lib/python3.7/site-packages/gevent/pywsgi.py", line 924, in run_application
    self.process_result()
  File "/Users/randy/Developer/6PythonProject/aswan/venv/lib/python3.7/site-packages/gevent/pywsgi.py", line 910, in process_result
    self.write(data)
  File "/Users/randy/Developer/6PythonProject/aswan/venv/lib/python3.7/site-packages/gevent/pywsgi.py", line 757, in write
    self._write_with_headers(data)
  File "/Users/randy/Developer/6PythonProject/aswan/venv/lib/python3.7/site-packages/gevent/pywsgi.py", line 778, in _write_with_headers
    self._write(data)
  File "/Users/randy/Developer/6PythonProject/aswan/venv/lib/python3.7/site-packages/gevent/pywsgi.py", line 742, in _write
    self._sendall(data)
  File "/Users/randy/Developer/6PythonProject/aswan/venv/lib/python3.7/site-packages/gevent/pywsgi.py", line 704, in _sendall
    self.socket.sendall(data)
  File "/Users/randy/Developer/6PythonProject/aswan/venv/lib/python3.7/site-packages/gevent/_socket3.py", line 457, in sendall
    data_memory = _get_memory(data)
  File "/Users/randy/Developer/6PythonProject/aswan/venv/lib/python3.7/site-packages/gevent/_socket3.py", line 45, in _get_memory
    mv = memoryview(data)
TypeError: memoryview: a bytes-like object is required, not 'str'
2019-11-06T10:44:15Z {'REMOTE_ADDR': '127.0.0.1', 'REMOTE_PORT': '53655', 'HTTP_HOST': '127.0.0.1:50000', (hidden keys: 26)} failed with TypeError

127.0.0.1 - - [2019-11-06 18:44:15] "GET / HTTP/1.1" 200 108 0.026079
Traceback (most recent call last):
  File "/Users/randy/Developer/6PythonProject/aswan/venv/lib/python3.7/site-packages/gevent/pywsgi.py", line 976, in handle_one_response
    self.run_application()
  File "/Users/randy/Developer/6PythonProject/aswan/venv/lib/python3.7/site-packages/gevent/pywsgi.py", line 924, in run_application
    self.process_result()
  File "/Users/randy/Developer/6PythonProject/aswan/venv/lib/python3.7/site-packages/gevent/pywsgi.py", line 910, in process_result
    self.write(data)
  File "/Users/randy/Developer/6PythonProject/aswan/venv/lib/python3.7/site-packages/gevent/pywsgi.py", line 757, in write
    self._write_with_headers(data)
  File "/Users/randy/Developer/6PythonProject/aswan/venv/lib/python3.7/site-packages/gevent/pywsgi.py", line 778, in _write_with_headers
    self._write(data)
  File "/Users/randy/Developer/6PythonProject/aswan/venv/lib/python3.7/site-packages/gevent/pywsgi.py", line 742, in _write
    self._sendall(data)
  File "/Users/randy/Developer/6PythonProject/aswan/venv/lib/python3.7/site-packages/gevent/pywsgi.py", line 704, in _sendall
    self.socket.sendall(data)
  File "/Users/randy/Developer/6PythonProject/aswan/venv/lib/python3.7/site-packages/gevent/_socket3.py", line 457, in sendall
    data_memory = _get_memory(data)
  File "/Users/randy/Developer/6PythonProject/aswan/venv/lib/python3.7/site-packages/gevent/_socket3.py", line 45, in _get_memory
    mv = memoryview(data)
TypeError: memoryview: a bytes-like object is required, not 'str'
2019-11-06T10:44:19Z {'REMOTE_ADDR': '127.0.0.1', 'REMOTE_PORT': '53656', 'HTTP_HOST': '127.0.0.1:50000', (hidden keys: 28)} failed with TypeError

127.0.0.1 - - [2019-11-06 18:44:19] "GET / HTTP/1.1" 200 108 0.000771
Traceback (most recent call last):
  File "/Users/randy/Developer/6PythonProject/aswan/venv/lib/python3.7/site-packages/gevent/pywsgi.py", line 976, in handle_one_response
    self.run_application()
  File "/Users/randy/Developer/6PythonProject/aswan/venv/lib/python3.7/site-packages/gevent/pywsgi.py", line 924, in run_application
    self.process_result()
  File "/Users/randy/Developer/6PythonProject/aswan/venv/lib/python3.7/site-packages/gevent/pywsgi.py", line 910, in process_result
    self.write(data)
  File "/Users/randy/Developer/6PythonProject/aswan/venv/lib/python3.7/site-packages/gevent/pywsgi.py", line 757, in write
    self._write_with_headers(data)
  File "/Users/randy/Developer/6PythonProject/aswan/venv/lib/python3.7/site-packages/gevent/pywsgi.py", line 778, in _write_with_headers
    self._write(data)
  File "/Users/randy/Developer/6PythonProject/aswan/venv/lib/python3.7/site-packages/gevent/pywsgi.py", line 742, in _write
    self._sendall(data)
  File "/Users/randy/Developer/6PythonProject/aswan/venv/lib/python3.7/site-packages/gevent/pywsgi.py", line 704, in _sendall
    self.socket.sendall(data)
  File "/Users/randy/Developer/6PythonProject/aswan/venv/lib/python3.7/site-packages/gevent/_socket3.py", line 457, in sendall
    data_memory = _get_memory(data)
  File "/Users/randy/Developer/6PythonProject/aswan/venv/lib/python3.7/site-packages/gevent/_socket3.py", line 45, in _get_memory
    mv = memoryview(data)
TypeError: memoryview: a bytes-like object is required, not 'str'
2019-11-06T10:44:19Z {'REMOTE_ADDR': '127.0.0.1', 'REMOTE_PORT': '53658', 'HTTP_HOST': '127.0.0.1:50000', (hidden keys: 28)} failed with TypeError

127.0.0.1 - - [2019-11-06 18:44:19] "GET / HTTP/1.1" 200 108 0.002797
Traceback (most recent call last):
  File "/Users/randy/Developer/6PythonProject/aswan/venv/lib/python3.7/site-packages/gevent/pywsgi.py", line 976, in handle_one_response
    self.run_application()
  File "/Users/randy/Developer/6PythonProject/aswan/venv/lib/python3.7/site-packages/gevent/pywsgi.py", line 924, in run_application
    self.process_result()
  File "/Users/randy/Developer/6PythonProject/aswan/venv/lib/python3.7/site-packages/gevent/pywsgi.py", line 910, in process_result
    self.write(data)
  File "/Users/randy/Developer/6PythonProject/aswan/venv/lib/python3.7/site-packages/gevent/pywsgi.py", line 757, in write
    self._write_with_headers(data)
  File "/Users/randy/Developer/6PythonProject/aswan/venv/lib/python3.7/site-packages/gevent/pywsgi.py", line 778, in _write_with_headers
    self._write(data)
  File "/Users/randy/Developer/6PythonProject/aswan/venv/lib/python3.7/site-packages/gevent/pywsgi.py", line 742, in _write
    self._sendall(data)
  File "/Users/randy/Developer/6PythonProject/aswan/venv/lib/python3.7/site-packages/gevent/pywsgi.py", line 704, in _sendall
    self.socket.sendall(data)
  File "/Users/randy/Developer/6PythonProject/aswan/venv/lib/python3.7/site-packages/gevent/_socket3.py", line 457, in sendall
    data_memory = _get_memory(data)
  File "/Users/randy/Developer/6PythonProject/aswan/venv/lib/python3.7/site-packages/gevent/_socket3.py", line 45, in _get_memory
    mv = memoryview(data)
TypeError: memoryview: a bytes-like object is required, not 'str'
2019-11-06T10:44:20Z {'REMOTE_ADDR': '127.0.0.1', 'REMOTE_PORT': '53659', 'HTTP_HOST': '127.0.0.1:50000', (hidden keys: 28)} failed with TypeError

127.0.0.1 - - [2019-11-06 18:44:20] "GET / HTTP/1.1" 200 108 0.000393
Traceback (most recent call last):
  File "/Users/randy/Developer/6PythonProject/aswan/venv/lib/python3.7/site-packages/gevent/pywsgi.py", line 976, in handle_one_response
    self.run_application()
  File "/Users/randy/Developer/6PythonProject/aswan/venv/lib/python3.7/site-packages/gevent/pywsgi.py", line 924, in run_application
    self.process_result()
  File "/Users/randy/Developer/6PythonProject/aswan/venv/lib/python3.7/site-packages/gevent/pywsgi.py", line 910, in process_result
    self.write(data)
  File "/Users/randy/Developer/6PythonProject/aswan/venv/lib/python3.7/site-packages/gevent/pywsgi.py", line 757, in write
    self._write_with_headers(data)
  File "/Users/randy/Developer/6PythonProject/aswan/venv/lib/python3.7/site-packages/gevent/pywsgi.py", line 778, in _write_with_headers
    self._write(data)
  File "/Users/randy/Developer/6PythonProject/aswan/venv/lib/python3.7/site-packages/gevent/pywsgi.py", line 742, in _write
    self._sendall(data)
  File "/Users/randy/Developer/6PythonProject/aswan/venv/lib/python3.7/site-packages/gevent/pywsgi.py", line 704, in _sendall
    self.socket.sendall(data)
  File "/Users/randy/Developer/6PythonProject/aswan/venv/lib/python3.7/site-packages/gevent/_socket3.py", line 457, in sendall
    data_memory = _get_memory(data)
  File "/Users/randy/Developer/6PythonProject/aswan/venv/lib/python3.7/site-packages/gevent/_socket3.py", line 45, in _get_memory
    mv = memoryview(data)
TypeError: memoryview: a bytes-like object is required, not 'str'
2019-11-06T10:44:53Z {'REMOTE_ADDR': '127.0.0.1', 'REMOTE_PORT': '53664', 'HTTP_HOST': '127.0.0.1:50000', (hidden keys: 28)} failed with TypeError

127.0.0.1 - - [2019-11-06 18:44:53] "GET / HTTP/1.1" 200 108 0.000504
Traceback (most recent call last):
  File "/Users/randy/Developer/6PythonProject/aswan/venv/lib/python3.7/site-packages/gevent/pywsgi.py", line 976, in handle_one_response
    self.run_application()
  File "/Users/randy/Developer/6PythonProject/aswan/venv/lib/python3.7/site-packages/gevent/pywsgi.py", line 924, in run_application
    self.process_result()
  File "/Users/randy/Developer/6PythonProject/aswan/venv/lib/python3.7/site-packages/gevent/pywsgi.py", line 910, in process_result
    self.write(data)
  File "/Users/randy/Developer/6PythonProject/aswan/venv/lib/python3.7/site-packages/gevent/pywsgi.py", line 757, in write
    self._write_with_headers(data)
  File "/Users/randy/Developer/6PythonProject/aswan/venv/lib/python3.7/site-packages/gevent/pywsgi.py", line 778, in _write_with_headers
    self._write(data)
  File "/Users/randy/Developer/6PythonProject/aswan/venv/lib/python3.7/site-packages/gevent/pywsgi.py", line 742, in _write
    self._sendall(data)
  File "/Users/randy/Developer/6PythonProject/aswan/venv/lib/python3.7/site-packages/gevent/pywsgi.py", line 704, in _sendall
    self.socket.sendall(data)
  File "/Users/randy/Developer/6PythonProject/aswan/venv/lib/python3.7/site-packages/gevent/_socket3.py", line 457, in sendall
    data_memory = _get_memory(data)
  File "/Users/randy/Developer/6PythonProject/aswan/venv/lib/python3.7/site-packages/gevent/_socket3.py", line 45, in _get_memory
    mv = memoryview(data)
TypeError: memoryview: a bytes-like object is required, not 'str'
2019-11-06T10:45:28Z {'REMOTE_ADDR': '127.0.0.1', 'REMOTE_PORT': '53670', 'HTTP_HOST': '127.0.0.1:50000', (hidden keys: 28)} failed with TypeError

127.0.0.1 - - [2019-11-06 18:45:28] "GET / HTTP/1.1" 200 108 0.000613
Traceback (most recent call last):
  File "/Users/randy/Developer/6PythonProject/aswan/venv/lib/python3.7/site-packages/gevent/pywsgi.py", line 976, in handle_one_response
    self.run_application()
  File "/Users/randy/Developer/6PythonProject/aswan/venv/lib/python3.7/site-packages/gevent/pywsgi.py", line 924, in run_application
    self.process_result()
  File "/Users/randy/Developer/6PythonProject/aswan/venv/lib/python3.7/site-packages/gevent/pywsgi.py", line 910, in process_result
    self.write(data)
  File "/Users/randy/Developer/6PythonProject/aswan/venv/lib/python3.7/site-packages/gevent/pywsgi.py", line 757, in write
    self._write_with_headers(data)
  File "/Users/randy/Developer/6PythonProject/aswan/venv/lib/python3.7/site-packages/gevent/pywsgi.py", line 778, in _write_with_headers
    self._write(data)
  File "/Users/randy/Developer/6PythonProject/aswan/venv/lib/python3.7/site-packages/gevent/pywsgi.py", line 742, in _write
    self._sendall(data)
  File "/Users/randy/Developer/6PythonProject/aswan/venv/lib/python3.7/site-packages/gevent/pywsgi.py", line 704, in _sendall
    self.socket.sendall(data)
  File "/Users/randy/Developer/6PythonProject/aswan/venv/lib/python3.7/site-packages/gevent/_socket3.py", line 457, in sendall
    data_memory = _get_memory(data)
  File "/Users/randy/Developer/6PythonProject/aswan/venv/lib/python3.7/site-packages/gevent/_socket3.py", line 45, in _get_memory
    mv = memoryview(data)
TypeError: memoryview: a bytes-like object is required, not 'str'
2019-11-06T10:45:29Z {'REMOTE_ADDR': '127.0.0.1', 'REMOTE_PORT': '53671', 'HTTP_HOST': '127.0.0.1:50000', (hidden keys: 28)} failed with TypeError

127.0.0.1 - - [2019-11-06 18:45:29] "GET / HTTP/1.1" 200 108 0.000414
Traceback (most recent call last):
  File "/Users/randy/Developer/6PythonProject/aswan/venv/lib/python3.7/site-packages/gevent/pywsgi.py", line 976, in handle_one_response
    self.run_application()
  File "/Users/randy/Developer/6PythonProject/aswan/venv/lib/python3.7/site-packages/gevent/pywsgi.py", line 924, in run_application
    self.process_result()
  File "/Users/randy/Developer/6PythonProject/aswan/venv/lib/python3.7/site-packages/gevent/pywsgi.py", line 910, in process_result
    self.write(data)
  File "/Users/randy/Developer/6PythonProject/aswan/venv/lib/python3.7/site-packages/gevent/pywsgi.py", line 757, in write
    self._write_with_headers(data)
  File "/Users/randy/Developer/6PythonProject/aswan/venv/lib/python3.7/site-packages/gevent/pywsgi.py", line 778, in _write_with_headers
    self._write(data)
  File "/Users/randy/Developer/6PythonProject/aswan/venv/lib/python3.7/site-packages/gevent/pywsgi.py", line 742, in _write
    self._sendall(data)
  File "/Users/randy/Developer/6PythonProject/aswan/venv/lib/python3.7/site-packages/gevent/pywsgi.py", line 704, in _sendall
    self.socket.sendall(data)
  File "/Users/randy/Developer/6PythonProject/aswan/venv/lib/python3.7/site-packages/gevent/_socket3.py", line 457, in sendall
    data_memory = _get_memory(data)
  File "/Users/randy/Developer/6PythonProject/aswan/venv/lib/python3.7/site-packages/gevent/_socket3.py", line 45, in _get_memory
    mv = memoryview(data)
TypeError: memoryview: a bytes-like object is required, not 'str'
2019-11-06T10:45:29Z {'REMOTE_ADDR': '127.0.0.1', 'REMOTE_PORT': '53672', 'HTTP_HOST': '127.0.0.1:50000', (hidden keys: 28)} failed with TypeError

127.0.0.1 - - [2019-11-06 18:45:29] "GET / HTTP/1.1" 200 108 0.000410
Traceback (most recent call last):
  File "/Users/randy/Developer/6PythonProject/aswan/venv/lib/python3.7/site-packages/gevent/pywsgi.py", line 976, in handle_one_response
    self.run_application()
  File "/Users/randy/Developer/6PythonProject/aswan/venv/lib/python3.7/site-packages/gevent/pywsgi.py", line 924, in run_application
    self.process_result()
  File "/Users/randy/Developer/6PythonProject/aswan/venv/lib/python3.7/site-packages/gevent/pywsgi.py", line 910, in process_result
    self.write(data)
  File "/Users/randy/Developer/6PythonProject/aswan/venv/lib/python3.7/site-packages/gevent/pywsgi.py", line 757, in write
    self._write_with_headers(data)
  File "/Users/randy/Developer/6PythonProject/aswan/venv/lib/python3.7/site-packages/gevent/pywsgi.py", line 778, in _write_with_headers
    self._write(data)
  File "/Users/randy/Developer/6PythonProject/aswan/venv/lib/python3.7/site-packages/gevent/pywsgi.py", line 742, in _write
    self._sendall(data)
  File "/Users/randy/Developer/6PythonProject/aswan/venv/lib/python3.7/site-packages/gevent/pywsgi.py", line 704, in _sendall
    self.socket.sendall(data)
  File "/Users/randy/Developer/6PythonProject/aswan/venv/lib/python3.7/site-packages/gevent/_socket3.py", line 457, in sendall
    data_memory = _get_memory(data)
  File "/Users/randy/Developer/6PythonProject/aswan/venv/lib/python3.7/site-packages/gevent/_socket3.py", line 45, in _get_memory
    mv = memoryview(data)
TypeError: memoryview: a bytes-like object is required, not 'str'
2019-11-06T10:46:16Z {'REMOTE_ADDR': '127.0.0.1', 'REMOTE_PORT': '53705', 'HTTP_HOST': '127.0.0.1:50000', (hidden keys: 26)} failed with TypeError

127.0.0.1 - - [2019-11-06 18:46:16] "GET /menu HTTP/1.1" 200 108 0.000510
Traceback (most recent call last):
  File "/Users/randy/Developer/6PythonProject/aswan/venv/lib/python3.7/site-packages/gevent/pywsgi.py", line 976, in handle_one_response
    self.run_application()
  File "/Users/randy/Developer/6PythonProject/aswan/venv/lib/python3.7/site-packages/gevent/pywsgi.py", line 924, in run_application
    self.process_result()
  File "/Users/randy/Developer/6PythonProject/aswan/venv/lib/python3.7/site-packages/gevent/pywsgi.py", line 910, in process_result
    self.write(data)
  File "/Users/randy/Developer/6PythonProject/aswan/venv/lib/python3.7/site-packages/gevent/pywsgi.py", line 757, in write
    self._write_with_headers(data)
  File "/Users/randy/Developer/6PythonProject/aswan/venv/lib/python3.7/site-packages/gevent/pywsgi.py", line 778, in _write_with_headers
    self._write(data)
[06/Nov/2019 18:49:18] "GET /permissions/groups/ HTTP/1.1" 302 0
[06/Nov/2019 18:49:18] "GET /accounts/login/ HTTP/1.1" 200 1751
[06/Nov/2019 18:49:18] "GET /static/css/main.css HTTP/1.1" 200 2985
[06/Nov/2019 18:49:18] "GET /static/css/font-awesome.min.css HTTP/1.1" 200 26656
[06/Nov/2019 18:49:18] "GET /static/js/vendor/bootstrap.min.js HTTP/1.1" 200 36869
[06/Nov/2019 18:49:18] "GET /static/css/bootstrap.min.css HTTP/1.1" 200 121215
[06/Nov/2019 18:49:18] "GET /static/js/vendor/jquery.min.js HTTP/1.1" 200 84345
[06/Nov/2019 18:49:18] "GET /static/img/favicon.ico HTTP/1.1" 200 5360
[06/Nov/2019 18:49:38] "POST /accounts/login/ HTTP/1.1" 302 0
[06/Nov/2019 18:49:38] "GET / HTTP/1.1" 200 10963
[06/Nov/2019 18:49:38] "GET /static/widget/datetimepicker/datetimepicker.css HTTP/1.1" 200 1234
[06/Nov/2019 18:49:38] "GET /static/widget/datetimepicker/bootstrap-datetimepicker.css HTTP/1.1" 200 12288
[06/Nov/2019 18:49:38] "GET /static/css/multi-select.css HTTP/1.1" 200 4454
[06/Nov/2019 18:49:38] "GET /static/css/bootstrap.min.css HTTP/1.1" 200 121215
[06/Nov/2019 18:49:38] "GET /static/css/jquery-ui.css HTTP/1.1" 200 35973
[06/Nov/2019 18:49:38] "GET /static/css/font-awesome.min.css HTTP/1.1" 200 26656
[06/Nov/2019 18:49:38] "GET /static/js/vendor/jquery.min.js HTTP/1.1" 200 84345
[06/Nov/2019 18:49:38] "GET /static/css/filter-form.css HTTP/1.1" 200 617
[06/Nov/2019 18:49:38] "GET /static/css/jquery.searchableSelect.css HTTP/1.1" 200 3398
[06/Nov/2019 18:49:38] "GET /static/css/plugins/sweetalert/sweetalert.css HTTP/1.1" 200 19228
[06/Nov/2019 18:49:38] "GET /static/css/main.css?v=3 HTTP/1.1" 200 2985
[06/Nov/2019 18:49:38] "GET /static/css/pagination.css HTTP/1.1" 200 1508
[06/Nov/2019 18:49:38] "GET /static/js/vendor/bootstrap.min.js HTTP/1.1" 200 36869
[06/Nov/2019 18:49:38] "GET /static/img/icon.png HTTP/1.1" 200 85193
[06/Nov/2019 18:49:38] "GET /static/js/content.min.js HTTP/1.1" 200 993
[06/Nov/2019 18:49:38] "GET /static/js/csrf.js HTTP/1.1" 200 1777
[06/Nov/2019 18:49:38] "GET /static/js/plugins/metisMenu/jquery.metisMenu.js HTTP/1.1" 200 3985
[06/Nov/2019 18:49:38] "GET /static/js/plugins/slimscroll/jquery.slimscroll.min.js HTTP/1.1" 200 4675
[06/Nov/2019 18:49:38] "GET /static/js/plugins/layer/layer.min.js HTTP/1.1" 200 14906
[06/Nov/2019 18:49:38] "GET /static/js/plugins/sweetalert/sweetalert.min.js HTTP/1.1" 200 17240
[06/Nov/2019 18:49:38] "GET /static/js/jquery-ui-1.10.4.min.js HTTP/1.1" 200 228566
[06/Nov/2019 18:49:38] "GET /static/js/jquery.searchableSelect.js HTTP/1.1" 200 11742
[06/Nov/2019 18:49:38] "GET /static/js/jquery.multi-select.js HTTP/1.1" 200 19480
[06/Nov/2019 18:49:38] "GET /static/js/jquery.quicksearch.js HTTP/1.1" 200 5974
[06/Nov/2019 18:49:38] "GET /static/widget/datetimepicker/bootstrap-datetimepicker.js HTTP/1.1" 200 54271
[06/Nov/2019 18:49:38] "GET /static/js/default_time.js HTTP/1.1" 200 1632
[06/Nov/2019 18:49:38] "GET /static/js/uri_scene.js HTTP/1.1" 200 1245
[06/Nov/2019 18:49:38] "GET /static/js/main.js HTTP/1.1" 200 75
[06/Nov/2019 18:49:38] "GET /static/fonts/fontawesome-webfont.woff2 HTTP/1.1" 200 64464
[06/Nov/2019 18:49:38] "GET /static/js/plugins/layer/skin/layer.css HTTP/1.1" 200 0
[06/Nov/2019 18:49:45] "GET /menu/event/list/ HTTP/1.1" 200 18603
[06/Nov/2019 18:49:46] "GET /menu/userid/list/ HTTP/1.1" 200 23529
[06/Nov/2019 18:49:50] "GET /menu/ip/list/ HTTP/1.1" 200 23327
[06/Nov/2019 18:49:52] "GET /menu/uid/list/ HTTP/1.1" 200 23372
[06/Nov/2019 18:49:54] "GET /menu/pay/list/ HTTP/1.1" 200 23435
[06/Nov/2019 18:49:55] "GET /menu/phone/list/ HTTP/1.1" 200 23374
[06/Nov/2019 18:49:58] "GET /strategy/menu_strategy/list/ HTTP/1.1" 200 16778
[06/Nov/2019 18:50:24] "GET /rule/list/ HTTP/1.1" 200 21376
[06/Nov/2019 18:50:28] "GET /rule/detail/?id=38eb10df-cbfd-485d-9cf8-53adb8409ff3 HTTP/1.1" 200 23771
[06/Nov/2019 18:50:41] "GET /permissions/users/ HTTP/1.1" 200 13496
[06/Nov/2019 18:50:47] "GET /permissions/groups/ HTTP/1.1" 200 13618
[06/Nov/2019 18:50:48] "GET /permissions/uri_groups/ HTTP/1.1" 200 13866
[06/Nov/2019 18:50:51] "GET /config/source/list/ HTTP/1.1" 200 20693
[06/Nov/2019 18:50:57] "GET /log_manage/hit/list_detail/ HTTP/1.1" 200 15187
[06/Nov/2019 18:50:57] "GET /static/js/rule_map_strategygroup.js HTTP/1.1" 200 1299
[06/Nov/2019 18:50:58] "GET /log_manage/audit_log_list/ HTTP/1.1" 200 25991
[06/Nov/2019 18:51:08] "GET /rule/list/ HTTP/1.1" 200 21376
[06/Nov/2019 18:51:17] "GET /strategy/menu_strategy/list/ HTTP/1.1" 200 16778
[06/Nov/2019 18:51:19] "GET /strategy/freq_strategy/list/ HTTP/1.1" 200 15264
[06/Nov/2019 18:52:16] "GET /menu/event/list/ HTTP/1.1" 200 18603
[06/Nov/2019 18:52:17] "GET /menu/userid/list/ HTTP/1.1" 200 23529
[06/Nov/2019 18:52:20] "GET /menu/ip/list/ HTTP/1.1" 200 23327
[06/Nov/2019 18:52:24] "GET /menu/uid/list/ HTTP/1.1" 200 23372
[06/Nov/2019 18:52:26] "GET /menu/pay/list/ HTTP/1.1" 200 23435
[06/Nov/2019 18:52:28] "GET /menu/phone/list/ HTTP/1.1" 200 23374
[06/Nov/2019 18:52:34] "GET /strategy/menu_strategy/list/ HTTP/1.1" 200 16778
[06/Nov/2019 18:53:38] "GET /config/source/list/ HTTP/1.1" 200 20693
[06/Nov/2019 18:53:42] "GET /permissions/users/ HTTP/1.1" 200 13496
[06/Nov/2019 18:53:46] "GET /permissions/groups/ HTTP/1.1" 200 13618
[06/Nov/2019 18:53:47] "GET /permissions/uri_groups/ HTTP/1.1" 200 13866
[06/Nov/2019 18:53:49] "GET /permissions/uri_group/create/ HTTP/1.1" 200 14422
[06/Nov/2019 18:55:06] "GET /rule/list/ HTTP/1.1" 200 21376
[06/Nov/2019 18:55:09] "GET /rule/edit/?id=38eb10df-cbfd-485d-9cf8-53adb8409ff3 HTTP/1.1" 200 47104
[06/Nov/2019 18:55:09] "GET /static/js/switch_left_right.png HTTP/1.1" 200 3080
[06/Nov/2019 18:58:30] "GET /strategy/menu_strategy/list/ HTTP/1.1" 200 16778
[06/Nov/2019 18:58:30] "GET /static/js/vendor/jquery.min.js HTTP/1.1" 304 0
[06/Nov/2019 18:58:30] "GET /static/widget/datetimepicker/bootstrap-datetimepicker.css HTTP/1.1" 304 0
[06/Nov/2019 18:58:30] "GET /static/css/font-awesome.min.css HTTP/1.1" 304 0
[06/Nov/2019 18:58:30] "GET /static/css/bootstrap.min.css HTTP/1.1" 304 0
[06/Nov/2019 18:58:30] "GET /static/widget/datetimepicker/datetimepicker.css HTTP/1.1" 304 0
[06/Nov/2019 18:58:30] "GET /static/css/jquery-ui.css HTTP/1.1" 304 0
[06/Nov/2019 18:58:30] "GET /static/css/multi-select.css HTTP/1.1" 304 0
[06/Nov/2019 18:58:30] "GET /static/css/filter-form.css HTTP/1.1" 304 0
[06/Nov/2019 18:58:30] "GET /static/css/pagination.css HTTP/1.1" 304 0
[06/Nov/2019 18:58:30] "GET /static/css/plugins/sweetalert/sweetalert.css HTTP/1.1" 304 0
[06/Nov/2019 18:58:30] "GET /static/css/jquery.searchableSelect.css HTTP/1.1" 304 0
[06/Nov/2019 18:58:30] "GET /static/css/main.css?v=3 HTTP/1.1" 304 0
[06/Nov/2019 18:58:30] "GET /static/js/csrf.js HTTP/1.1" 304 0
[06/Nov/2019 18:58:30] "GET /static/js/plugins/metisMenu/jquery.metisMenu.js HTTP/1.1" 304 0
[06/Nov/2019 18:58:30] "GET /static/js/content.min.js HTTP/1.1" 304 0
[06/Nov/2019 18:58:30] "GET /static/js/vendor/bootstrap.min.js HTTP/1.1" 304 0
[06/Nov/2019 18:58:30] "GET /static/js/plugins/slimscroll/jquery.slimscroll.min.js HTTP/1.1" 304 0
[06/Nov/2019 18:58:30] "GET /static/js/plugins/layer/layer.min.js HTTP/1.1" 304 0
[06/Nov/2019 18:58:30] "GET /static/js/plugins/sweetalert/sweetalert.min.js HTTP/1.1" 304 0
[06/Nov/2019 18:58:30] "GET /static/js/jquery-ui-1.10.4.min.js HTTP/1.1" 304 0
[06/Nov/2019 18:58:30] "GET /static/js/jquery.searchableSelect.js HTTP/1.1" 304 0
[06/Nov/2019 18:58:30] "GET /static/js/jquery.multi-select.js HTTP/1.1" 304 0
[06/Nov/2019 18:58:30] "GET /static/img/icon.png HTTP/1.1" 304 0
[06/Nov/2019 18:58:30] "GET /static/js/jquery.quicksearch.js HTTP/1.1" 304 0
[06/Nov/2019 18:58:30] "GET /static/js/default_time.js HTTP/1.1" 304 0
[06/Nov/2019 18:58:30] "GET /static/widget/datetimepicker/bootstrap-datetimepicker.js HTTP/1.1" 304 0
[06/Nov/2019 18:58:30] "GET /static/js/plugins/layer/skin/layer.css HTTP/1.1" 304 0
[06/Nov/2019 18:58:30] "GET /static/js/uri_scene.js HTTP/1.1" 304 0
[06/Nov/2019 18:58:30] "GET /static/js/main.js HTTP/1.1" 304 0
Traceback (most recent call last):
  File "/Users/randy/Developer/6PythonProject/aswan/venv/lib/python3.7/site-packages/redis/connection.py", line 346, in read_response
    raise socket.error(SERVER_CLOSED_CONNECTION_ERROR)
OSError: Connection closed by server.

During handling of the above exception, another exception occurred:

Traceback (most recent call last):
  File "/Users/randy/Developer/6PythonProject/aswan/venv/lib/python3.7/site-packages/redis/client.py", line 573, in execute_command
    return self.parse_response(connection, command_name, **options)
  File "/Users/randy/Developer/6PythonProject/aswan/venv/lib/python3.7/site-packages/redis/client.py", line 585, in parse_response
    response = connection.read_response()
  File "/Users/randy/Developer/6PythonProject/aswan/venv/lib/python3.7/site-packages/redis/connection.py", line 577, in read_response
    response = self._parser.read_response()
  File "/Users/randy/Developer/6PythonProject/aswan/venv/lib/python3.7/site-packages/redis/connection.py", line 357, in read_response
    (e.args,))
redis.exceptions.ConnectionError: Error while reading from socket: ('Connection closed by server.',)

During handling of the above exception, another exception occurred:

Traceback (most recent call last):
  File "/Users/randy/Developer/6PythonProject/aswan/venv/lib/python3.7/site-packages/redis/connection.py", line 439, in connect
    sock = self._connect()
  File "/Users/randy/Developer/6PythonProject/aswan/venv/lib/python3.7/site-packages/redis/connection.py", line 494, in _connect
    raise err
  File "/Users/randy/Developer/6PythonProject/aswan/venv/lib/python3.7/site-packages/redis/connection.py", line 482, in _connect
    sock.connect(socket_address)
ConnectionRefusedError: [Errno 61] Connection refused

During handling of the above exception, another exception occurred:

Traceback (most recent call last):
  File "/Users/randy/Developer/6PythonProject/aswan/www/manage.py", line 14, in <module>
    execute_from_command_line(sys.argv)
  File "/Users/randy/Developer/6PythonProject/aswan/venv/lib/python3.7/site-packages/django/core/management/__init__.py", line 364, in execute_from_command_line
    utility.execute()
  File "/Users/randy/Developer/6PythonProject/aswan/venv/lib/python3.7/site-packages/django/core/management/__init__.py", line 356, in execute
    self.fetch_command(subcommand).run_from_argv(self.argv)
  File "/Users/randy/Developer/6PythonProject/aswan/venv/lib/python3.7/site-packages/django/core/management/base.py", line 283, in run_from_argv
    self.execute(*args, **cmd_options)
  File "/Users/randy/Developer/6PythonProject/aswan/venv/lib/python3.7/site-packages/django/core/management/base.py", line 330, in execute
    output = self.handle(*args, **options)
  File "/Users/randy/Developer/6PythonProject/aswan/www/log_manage/management/commands/persistence_hit_log.py", line 94, in handle
    sp_log = redis_client.lindex(private_queue_name, -1)
  File "/Users/randy/Developer/6PythonProject/aswan/venv/lib/python3.7/site-packages/redis/client.py", line 1205, in lindex
    return self.execute_command('LINDEX', name, index)
  File "/Users/randy/Developer/6PythonProject/aswan/venv/lib/python3.7/site-packages/redis/client.py", line 578, in execute_command
    connection.send_command(*args)
  File "/Users/randy/Developer/6PythonProject/aswan/venv/lib/python3.7/site-packages/redis/connection.py", line 563, in send_command
    self.send_packed_command(self.pack_command(*args))
  File "/Users/randy/Developer/6PythonProject/aswan/venv/lib/python3.7/site-packages/redis/connection.py", line 538, in send_packed_command
    self.connect()
  File "/Users/randy/Developer/6PythonProject/aswan/venv/lib/python3.7/site-packages/redis/connection.py", line 442, in connect
    raise ConnectionError(self._error_message(e))
redis.exceptions.ConnectionError: Error 61 connecting to 127.0.0.1:6379. Connection refused.
[07/Jan/2020 18:29:33] "GET / HTTP/1.1" 302 0
[07/Jan/2020 18:29:33] "GET /accounts/login/?next=/ HTTP/1.1" 200 1751
[07/Jan/2020 18:29:33] "GET /static/css/main.css HTTP/1.1" 200 2985
[07/Jan/2020 18:29:33] "GET /static/css/font-awesome.min.css HTTP/1.1" 200 26656
[07/Jan/2020 18:29:33] "GET /static/css/bootstrap.min.css HTTP/1.1" 200 121215
[07/Jan/2020 18:29:33] "GET /static/js/vendor/bootstrap.min.js HTTP/1.1" 200 36869
[07/Jan/2020 18:29:33] "GET /static/js/vendor/jquery.min.js HTTP/1.1" 200 84345
[07/Jan/2020 18:29:33] "GET /static/img/favicon.ico HTTP/1.1" 200 5360
[07/Jan/2020 18:30:20] "POST /accounts/login/ HTTP/1.1" 302 0
[07/Jan/2020 18:30:21] "GET / HTTP/1.1" 200 10963
[07/Jan/2020 18:30:21] "GET /static/widget/datetimepicker/bootstrap-datetimepicker.css HTTP/1.1" 200 12288
[07/Jan/2020 18:30:21] "GET /static/widget/datetimepicker/datetimepicker.css HTTP/1.1" 200 1234
[07/Jan/2020 18:30:21] "GET /static/css/jquery-ui.css HTTP/1.1" 200 35973
[07/Jan/2020 18:30:21] "GET /static/css/multi-select.css HTTP/1.1" 200 4454
[07/Jan/2020 18:30:21] "GET /static/css/pagination.css HTTP/1.1" 200 1508
[07/Jan/2020 18:30:21] "GET /static/css/filter-form.css HTTP/1.1" 200 617
[07/Jan/2020 18:30:21] "GET /static/css/plugins/sweetalert/sweetalert.css HTTP/1.1" 200 19228
[07/Jan/2020 18:30:21] "GET /static/css/jquery.searchableSelect.css HTTP/1.1" 200 3398
[07/Jan/2020 18:30:21] "GET /static/css/main.css?v=3 HTTP/1.1" 200 2985
[07/Jan/2020 18:30:21] "GET /static/js/csrf.js HTTP/1.1" 200 1777
[07/Jan/2020 18:30:21] "GET /static/img/icon.png HTTP/1.1" 200 85193
[07/Jan/2020 18:30:21] "GET /static/js/plugins/slimscroll/jquery.slimscroll.min.js HTTP/1.1" 200 4675
[07/Jan/2020 18:30:21] "GET /static/js/content.min.js HTTP/1.1" 200 993
[07/Jan/2020 18:30:21] "GET /static/js/plugins/metisMenu/jquery.metisMenu.js HTTP/1.1" 200 3985
[07/Jan/2020 18:30:21] "GET /static/js/plugins/layer/layer.min.js HTTP/1.1" 200 14906
[07/Jan/2020 18:30:21] "GET /static/js/plugins/sweetalert/sweetalert.min.js HTTP/1.1" 200 17240
[07/Jan/2020 18:30:21] "GET /static/js/jquery.searchableSelect.js HTTP/1.1" 200 11742
[07/Jan/2020 18:30:21] "GET /static/js/jquery.multi-select.js HTTP/1.1" 200 19480
[07/Jan/2020 18:30:21] "GET /static/js/jquery-ui-1.10.4.min.js HTTP/1.1" 200 228566
[07/Jan/2020 18:30:21] "GET /static/js/jquery.quicksearch.js HTTP/1.1" 200 5974
[07/Jan/2020 18:30:21] "GET /static/widget/datetimepicker/bootstrap-datetimepicker.js HTTP/1.1" 200 54271
[07/Jan/2020 18:30:21] "GET /static/js/default_time.js HTTP/1.1" 200 1632
[07/Jan/2020 18:30:21] "GET /static/js/uri_scene.js HTTP/1.1" 200 1245
[07/Jan/2020 18:30:21] "GET /static/js/main.js HTTP/1.1" 200 75
[07/Jan/2020 18:30:21] "GET /static/js/plugins/layer/skin/layer.css HTTP/1.1" 200 0
[07/Jan/2020 18:30:21] "GET /static/fonts/fontawesome-webfont.woff2 HTTP/1.1" 200 64464
[07/Jan/2020 18:30:25] "GET /menu/event/list/ HTTP/1.1" 200 18905
[07/Jan/2020 18:30:31] "POST /menu/event/destroy/ HTTP/1.1" 200 71
[07/Jan/2020 18:30:38] "GET /strategy/menu_strategy/list/ HTTP/1.1" 200 16778
[07/Jan/2020 18:30:59] "GET /strategy/menu_strategy/test/ HTTP/1.1" 200 15686
[07/Jan/2020 18:30:59] "POST /strategy/menu_strategy/data/ HTTP/1.1" 200 31
[07/Jan/2020 18:30:59] "POST /strategy/menu_strategy/data/ HTTP/1.1" 200 45
[07/Jan/2020 18:31:01] "POST /strategy/menu_strategy/test/ HTTP/1.1" 200 36
[07/Jan/2020 18:31:06] "POST /strategy/menu_strategy/data/ HTTP/1.1" 200 44
[07/Jan/2020 18:31:07] "POST /strategy/menu_strategy/test/ HTTP/1.1" 200 36
[07/Jan/2020 18:31:08] "GET /strategy/menu_strategy/list/ HTTP/1.1" 200 16778
[07/Jan/2020 18:31:09] "GET /strategy/bool_strategy/list/ HTTP/1.1" 200 16020
[07/Jan/2020 18:31:18] "GET /rule/list/ HTTP/1.1" 200 21375
[07/Jan/2020 18:31:22] "GET /rule/detail/?id=1b4fd393-2cd0-4ce7-b399-58988e2ddb9e HTTP/1.1" 200 23771
[07/Jan/2020 18:31:29] "GET /log_manage/hit/list_detail/ HTTP/1.1" 200 15187
[07/Jan/2020 18:31:29] "GET /static/js/rule_map_strategygroup.js HTTP/1.1" 200 1299
[07/Jan/2020 18:31:31] "GET /log_manage/audit_log_list/ HTTP/1.1" 200 51707
[07/Jan/2020 18:31:32] "GET /permissions/users/ HTTP/1.1" 200 13496
[07/Jan/2020 18:31:33] "GET /permissions/groups/ HTTP/1.1" 200 13618
[07/Jan/2020 18:31:34] "GET /permissions/uri_groups/ HTTP/1.1" 200 13866
[07/Jan/2020 18:31:36] "GET /permissions/users/ HTTP/1.1" 200 13496
[07/Jan/2020 18:31:39] "GET /permissions/groups/ HTTP/1.1" 200 13618
[07/Jan/2020 18:31:40] "GET /permissions/uri_groups/ HTTP/1.1" 200 13866
[07/Jan/2020 18:31:42] "GET /config/source/list/ HTTP/1.1" 200 20693
[07/Jan/2020 18:31:42] "GET /config/source/list/ HTTP/1.1" 200 20693
[07/Jan/2020 18:31:45] "GET /strategy/menu_strategy/list/ HTTP/1.1" 200 16778
